<?xml version="1.0" encoding="UTF-8"?>
<!-- Generated by org.testng.reporters.JUnitReportReporter -->
<testsuite hostname="DESKTOP-S1UAVLS" failures="0" tests="1" name="pepperFry.Sample" time="0.016" errors="0" timestamp="2021-06-27T15:46:03 IST" skipped="0">
  <testcase classname="pepperFry.Sample" name="sampletest" time="0.016"/>
  <system-out/>
</testsuite> <!-- pepperFry.Sample -->
