<?xml version="1.0" encoding="UTF-8"?>
<!-- Generated by org.testng.reporters.JUnitReportReporter -->
<testsuite hostname="DESKTOP-S1UAVLS" failures="0" tests="1" name="pepperFry.HomePage" time="17.422" errors="0" timestamp="2021-06-27T17:27:19 IST" skipped="0">
  <testcase classname="pepperFry.HomePage" name="HomePageNavigation" time="17.422"/>
  <system-out/>
</testsuite> <!-- pepperFry.HomePage -->
